2020-06-30 17:46:57.303  INFO 12108 --- [http-nio-10001-exec-1] o.a.c.c.C.[Tomcat].[localhost].[/]       : Initializing Spring DispatcherServlet 'dispatcherServlet'
2020-06-30 17:46:57.304  INFO 12108 --- [http-nio-10001-exec-1] o.s.web.servlet.DispatcherServlet        : Initializing Servlet 'dispatcherServlet'
2020-06-30 17:46:57.316  INFO 12108 --- [http-nio-10001-exec-1] o.s.web.servlet.DispatcherServlet        : Completed initialization in 12 ms
2020-06-30 17:49:12.208  INFO 10968 --- [main] c.e.c.a.ActivityWriteApplication         : Starting ActivityWriteApplication on LAPTOP-QMR5JINM with PID 10968 (C:\Users\12287\IdeaProjects\activity_write\target\classes started by HelloWorld in C:\Users\12287\IdeaProjects\activity_write)
2020-06-30 17:49:12.214  INFO 10968 --- [main] c.e.c.a.ActivityWriteApplication         : No active profile set, falling back to default profiles: default
2020-06-30 17:49:13.585  WARN 10968 --- [main] o.m.s.mapper.ClassPathMapperScanner      : Skipping MapperFactoryBean with name 'activityMapper' and 'com.example.chong.activity_write.mapper.ActivityMapper' mapperInterface. Bean already defined with the same name!
2020-06-30 17:49:13.586  WARN 10968 --- [main] o.m.s.mapper.ClassPathMapperScanner      : Skipping MapperFactoryBean with name 'activityParticipateRecordMapper' and 'com.example.chong.activity_write.mapper.ActivityParticipateRecordMapper' mapperInterface. Bean already defined with the same name!
2020-06-30 17:49:13.587  WARN 10968 --- [main] o.m.s.mapper.ClassPathMapperScanner      : Skipping MapperFactoryBean with name 'activityVoteOptionsMapper' and 'com.example.chong.activity_write.mapper.ActivityVoteOptionsMapper' mapperInterface. Bean already defined with the same name!
2020-06-30 17:49:13.587  WARN 10968 --- [main] o.m.s.mapper.ClassPathMapperScanner      : Skipping MapperFactoryBean with name 'activityVoteUserMapper' and 'com.example.chong.activity_write.mapper.ActivityVoteUserMapper' mapperInterface. Bean already defined with the same name!
2020-06-30 17:49:13.587  WARN 10968 --- [main] o.m.s.mapper.ClassPathMapperScanner      : Skipping MapperFactoryBean with name 'petCircleCommentMapper' and 'com.example.chong.activity_write.mapper.PetCircleCommentMapper' mapperInterface. Bean already defined with the same name!
2020-06-30 17:49:13.588  WARN 10968 --- [main] o.m.s.mapper.ClassPathMapperScanner      : Skipping MapperFactoryBean with name 'petCircleMapper' and 'com.example.chong.activity_write.mapper.PetCircleMapper' mapperInterface. Bean already defined with the same name!
2020-06-30 17:49:13.589  WARN 10968 --- [main] o.m.s.mapper.ClassPathMapperScanner      : Skipping MapperFactoryBean with name 'petCirclePicMapper' and 'com.example.chong.activity_write.mapper.PetCirclePicMapper' mapperInterface. Bean already defined with the same name!
2020-06-30 17:49:13.589  WARN 10968 --- [main] o.m.s.mapper.ClassPathMapperScanner      : Skipping MapperFactoryBean with name 'userMapper' and 'com.example.chong.activity_write.mapper.UserMapper' mapperInterface. Bean already defined with the same name!
2020-06-30 17:49:13.590  WARN 10968 --- [main] o.m.s.mapper.ClassPathMapperScanner      : No MyBatis mapper was found in '[com.example.chong.activity_write.mapper]' package. Please check your configuration.
2020-06-30 17:49:14.125  INFO 10968 --- [main] o.s.b.w.embedded.tomcat.TomcatWebServer  : Tomcat initialized with port(s): 10001 (http)
2020-06-30 17:49:14.146  INFO 10968 --- [main] o.apache.catalina.core.StandardService   : Starting service [Tomcat]
2020-06-30 17:49:14.146  INFO 10968 --- [main] org.apache.catalina.core.StandardEngine  : Starting Servlet engine: [Apache Tomcat/9.0.36]
2020-06-30 17:49:14.296  INFO 10968 --- [main] o.a.c.c.C.[Tomcat].[localhost].[/]       : Initializing Spring embedded WebApplicationContext
2020-06-30 17:49:14.296  INFO 10968 --- [main] w.s.c.ServletWebServerApplicationContext : Root WebApplicationContext: initialization completed in 1939 ms
2020-06-30 17:49:14.541  INFO 10968 --- [main] c.a.d.s.b.a.DruidDataSourceAutoConfigure : Init DruidDataSource
2020-06-30 17:49:14.679  INFO 10968 --- [main] com.alibaba.druid.pool.DruidDataSource   : {dataSource-1} inited
2020-06-30 17:49:16.160  INFO 10968 --- [main] o.s.s.concurrent.ThreadPoolTaskExecutor  : Initializing ExecutorService 'applicationTaskExecutor'
2020-06-30 17:49:16.432  INFO 10968 --- [main] o.s.b.w.embedded.tomcat.TomcatWebServer  : Tomcat started on port(s): 10001 (http) with context path ''
2020-06-30 17:49:16.444  INFO 10968 --- [main] c.e.c.a.ActivityWriteApplication         : Started ActivityWriteApplication in 5.058 seconds (JVM running for 7.279)
2020-06-30 17:50:34.389  INFO 11848 --- [main] c.e.c.a.ActivityWriteApplication         : Starting ActivityWriteApplication on LAPTOP-QMR5JINM with PID 11848 (C:\Users\12287\IdeaProjects\activity_write\target\classes started by HelloWorld in C:\Users\12287\IdeaProjects\activity_write)
2020-06-30 17:50:34.396  INFO 11848 --- [main] c.e.c.a.ActivityWriteApplication         : No active profile set, falling back to default profiles: default
2020-06-30 17:50:35.710  WARN 11848 --- [main] o.m.s.mapper.ClassPathMapperScanner      : Skipping MapperFactoryBean with name 'activityMapper' and 'com.example.chong.activity_write.mapper.ActivityMapper' mapperInterface. Bean already defined with the same name!
2020-06-30 17:50:35.711  WARN 11848 --- [main] o.m.s.mapper.ClassPathMapperScanner      : Skipping MapperFactoryBean with name 'activityParticipateRecordMapper' and 'com.example.chong.activity_write.mapper.ActivityParticipateRecordMapper' mapperInterface. Bean already defined with the same name!
2020-06-30 17:50:35.712  WARN 11848 --- [main] o.m.s.mapper.ClassPathMapperScanner      : Skipping MapperFactoryBean with name 'activityVoteOptionsMapper' and 'com.example.chong.activity_write.mapper.ActivityVoteOptionsMapper' mapperInterface. Bean already defined with the same name!
2020-06-30 17:50:35.712  WARN 11848 --- [main] o.m.s.mapper.ClassPathMapperScanner      : Skipping MapperFactoryBean with name 'activityVoteUserMapper' and 'com.example.chong.activity_write.mapper.ActivityVoteUserMapper' mapperInterface. Bean already defined with the same name!
2020-06-30 17:50:35.712  WARN 11848 --- [main] o.m.s.mapper.ClassPathMapperScanner      : Skipping MapperFactoryBean with name 'petCircleCommentMapper' and 'com.example.chong.activity_write.mapper.PetCircleCommentMapper' mapperInterface. Bean already defined with the same name!
2020-06-30 17:50:35.712  WARN 11848 --- [main] o.m.s.mapper.ClassPathMapperScanner      : Skipping MapperFactoryBean with name 'petCircleMapper' and 'com.example.chong.activity_write.mapper.PetCircleMapper' mapperInterface. Bean already defined with the same name!
2020-06-30 17:50:35.713  WARN 11848 --- [main] o.m.s.mapper.ClassPathMapperScanner      : Skipping MapperFactoryBean with name 'petCirclePicMapper' and 'com.example.chong.activity_write.mapper.PetCirclePicMapper' mapperInterface. Bean already defined with the same name!
2020-06-30 17:50:35.713  WARN 11848 --- [main] o.m.s.mapper.ClassPathMapperScanner      : Skipping MapperFactoryBean with name 'userMapper' and 'com.example.chong.activity_write.mapper.UserMapper' mapperInterface. Bean already defined with the same name!
2020-06-30 17:50:35.714  WARN 11848 --- [main] o.m.s.mapper.ClassPathMapperScanner      : No MyBatis mapper was found in '[com.example.chong.activity_write.mapper]' package. Please check your configuration.
2020-06-30 17:50:36.250  INFO 11848 --- [main] o.s.b.w.embedded.tomcat.TomcatWebServer  : Tomcat initialized with port(s): 10001 (http)
2020-06-30 17:50:36.263  INFO 11848 --- [main] o.apache.catalina.core.StandardService   : Starting service [Tomcat]
2020-06-30 17:50:36.264  INFO 11848 --- [main] org.apache.catalina.core.StandardEngine  : Starting Servlet engine: [Apache Tomcat/9.0.36]
2020-06-30 17:50:36.429  INFO 11848 --- [main] o.a.c.c.C.[Tomcat].[localhost].[/]       : Initializing Spring embedded WebApplicationContext
2020-06-30 17:50:36.429  INFO 11848 --- [main] w.s.c.ServletWebServerApplicationContext : Root WebApplicationContext: initialization completed in 1936 ms
2020-06-30 17:50:36.660  INFO 11848 --- [main] c.a.d.s.b.a.DruidDataSourceAutoConfigure : Init DruidDataSource
2020-06-30 17:50:36.813  INFO 11848 --- [main] com.alibaba.druid.pool.DruidDataSource   : {dataSource-1} inited
2020-06-30 17:50:38.242  INFO 11848 --- [main] o.s.s.concurrent.ThreadPoolTaskExecutor  : Initializing ExecutorService 'applicationTaskExecutor'
2020-06-30 17:50:38.484  INFO 11848 --- [main] o.s.b.w.embedded.tomcat.TomcatWebServer  : Tomcat started on port(s): 10001 (http) with context path ''
2020-06-30 17:50:38.496  INFO 11848 --- [main] c.e.c.a.ActivityWriteApplication         : Started ActivityWriteApplication in 4.875 seconds (JVM running for 6.526)
2020-06-30 17:51:58.806  INFO 3708 --- [main] c.e.c.a.ActivityWriteApplication         : Starting ActivityWriteApplication on LAPTOP-QMR5JINM with PID 3708 (C:\Users\12287\IdeaProjects\activity_write\target\classes started by HelloWorld in C:\Users\12287\IdeaProjects\activity_write)
2020-06-30 17:51:58.812  INFO 3708 --- [main] c.e.c.a.ActivityWriteApplication         : No active profile set, falling back to default profiles: default
2020-06-30 17:52:00.599  WARN 3708 --- [main] o.m.s.mapper.ClassPathMapperScanner      : Skipping MapperFactoryBean with name 'activityMapper' and 'com.example.chong.activity_write.mapper.ActivityMapper' mapperInterface. Bean already defined with the same name!
2020-06-30 17:52:00.600  WARN 3708 --- [main] o.m.s.mapper.ClassPathMapperScanner      : Skipping MapperFactoryBean with name 'activityParticipateRecordMapper' and 'com.example.chong.activity_write.mapper.ActivityParticipateRecordMapper' mapperInterface. Bean already defined with the same name!
2020-06-30 17:52:00.600  WARN 3708 --- [main] o.m.s.mapper.ClassPathMapperScanner      : Skipping MapperFactoryBean with name 'activityVoteOptionsMapper' and 'com.example.chong.activity_write.mapper.ActivityVoteOptionsMapper' mapperInterface. Bean already defined with the same name!
2020-06-30 17:52:00.600  WARN 3708 --- [main] o.m.s.mapper.ClassPathMapperScanner      : Skipping MapperFactoryBean with name 'activityVoteUserMapper' and 'com.example.chong.activity_write.mapper.ActivityVoteUserMapper' mapperInterface. Bean already defined with the same name!
2020-06-30 17:52:00.600  WARN 3708 --- [main] o.m.s.mapper.ClassPathMapperScanner      : Skipping MapperFactoryBean with name 'petCircleCommentMapper' and 'com.example.chong.activity_write.mapper.PetCircleCommentMapper' mapperInterface. Bean already defined with the same name!
2020-06-30 17:52:00.600  WARN 3708 --- [main] o.m.s.mapper.ClassPathMapperScanner      : Skipping MapperFactoryBean with name 'petCircleMapper' and 'com.example.chong.activity_write.mapper.PetCircleMapper' mapperInterface. Bean already defined with the same name!
2020-06-30 17:52:00.601  WARN 3708 --- [main] o.m.s.mapper.ClassPathMapperScanner      : Skipping MapperFactoryBean with name 'petCirclePicMapper' and 'com.example.chong.activity_write.mapper.PetCirclePicMapper' mapperInterface. Bean already defined with the same name!
2020-06-30 17:52:00.601  WARN 3708 --- [main] o.m.s.mapper.ClassPathMapperScanner      : Skipping MapperFactoryBean with name 'userMapper' and 'com.example.chong.activity_write.mapper.UserMapper' mapperInterface. Bean already defined with the same name!
2020-06-30 17:52:00.602  WARN 3708 --- [main] o.m.s.mapper.ClassPathMapperScanner      : No MyBatis mapper was found in '[com.example.chong.activity_write.mapper]' package. Please check your configuration.
2020-06-30 17:52:01.474  INFO 3708 --- [main] o.s.b.w.embedded.tomcat.TomcatWebServer  : Tomcat initialized with port(s): 10001 (http)
2020-06-30 17:52:01.495  INFO 3708 --- [main] o.apache.catalina.core.StandardService   : Starting service [Tomcat]
2020-06-30 17:52:01.496  INFO 3708 --- [main] org.apache.catalina.core.StandardEngine  : Starting Servlet engine: [Apache Tomcat/9.0.36]
2020-06-30 17:52:01.722  INFO 3708 --- [main] o.a.c.c.C.[Tomcat].[localhost].[/]       : Initializing Spring embedded WebApplicationContext
2020-06-30 17:52:01.723  INFO 3708 --- [main] w.s.c.ServletWebServerApplicationContext : Root WebApplicationContext: initialization completed in 2782 ms
2020-06-30 17:52:02.119  INFO 3708 --- [main] c.a.d.s.b.a.DruidDataSourceAutoConfigure : Init DruidDataSource
2020-06-30 17:52:02.505  INFO 3708 --- [main] com.alibaba.druid.pool.DruidDataSource   : {dataSource-1} inited
2020-06-30 17:52:04.256  INFO 3708 --- [main] o.s.s.concurrent.ThreadPoolTaskExecutor  : Initializing ExecutorService 'applicationTaskExecutor'
2020-06-30 17:52:04.478  INFO 3708 --- [main] o.s.b.w.embedded.tomcat.TomcatWebServer  : Tomcat started on port(s): 10001 (http) with context path ''
2020-06-30 17:52:04.490  INFO 3708 --- [main] c.e.c.a.ActivityWriteApplication         : Started ActivityWriteApplication in 6.816 seconds (JVM running for 8.352)
